<?xml version="1.0" encoding="UTF-8"?>
<!-- Generated by org.testng.reporters.JUnitXMLReporter -->
<testsuite hostname="DESKTOP-617NJEG" ignored="12" name="Test" tests="5" failures="0" timestamp="2021-04-14T19:30:28 IST" time="9.282" errors="0">
  <testcase name="@BeforeTest setup" time="4.38" classname="com.framework.testcase.BaseClass">
    <failure type="org.openqa.selenium.SessionNotCreatedException" message="session not created: This version of ChromeDriver only supports Chrome version 81
Build info: version: &amp;apos;3.141.59&amp;apos;, revision: &amp;apos;e82be7d358&amp;apos;, time: &amp;apos;2018-11-14T08:17:03&amp;apos;
System info: host: &amp;apos;DESKTOP-617NJEG&amp;apos;, ip: &amp;apos;192.168.43.190&amp;apos;, os.name: &amp;apos;Windows 10&amp;apos;, os.arch: &amp;apos;amd64&amp;apos;, os.version: &amp;apos;10.0&amp;apos;, java.version: &amp;apos;1.8.0_201&amp;apos;
Driver info: driver.version: ChromeDriver
remote stacktrace: Backtrace:
	Ordinal0 [0x004A5D53+2448723]
	Ordinal0 [0x003D8131+1605937]
	Ordinal0 [0x002CF879+522361]
	Ordinal0 [0x002605F3+67059]
	Ordinal0 [0x0025CD92+52626]
	Ordinal0 [0x0027C127+180519]
	Ordinal0 [0x0027BF2D+180013]
	Ordinal0 [0x00279E5B+171611]
	Ordinal0 [0x00261DD8+73176]
	Ordinal0 [0x00262E50+77392]
	Ordinal0 [0x00262DE9+77289]
	Ordinal0 [0x003ED6A7+1693351]
	GetHandleVerifier [0x00543E16+522726]
	GetHandleVerifier [0x00543B54+522020]
	GetHandleVerifier [0x00558F67+609079]
	GetHandleVerifier [0x00544686+524886]
	Ordinal0 [0x003E5A8C+1661580]
	Ordinal0 [0x003EF00B+1699851]
	Ordinal0 [0x003EF173+1700211]
	Ordinal0 [0x00404FE5+1789925]
	BaseThreadInitThunk [0x76AEFA29+25]
	RtlGetAppContainerNamedObjectPath [0x77A276B4+228]
	RtlGetAppContainerNamedObjectPath [0x77A27684+180]
">
      <![CDATA[org.openqa.selenium.SessionNotCreatedException: session not created: This version of ChromeDriver only supports Chrome version 81
Build info: version: '3.141.59', revision: 'e82be7d358', time: '2018-11-14T08:17:03'
System info: host: 'DESKTOP-617NJEG', ip: '192.168.43.190', os.name: 'Windows 10', os.arch: 'amd64', os.version: '10.0', java.version: '1.8.0_201'
Driver info: driver.version: ChromeDriver
remote stacktrace: Backtrace:
Ordinal0 [0x004A5D53+2448723]
Ordinal0 [0x003D8131+1605937]
Ordinal0 [0x002CF879+522361]
Ordinal0 [0x002605F3+67059]
Ordinal0 [0x0025CD92+52626]
Ordinal0 [0x0027C127+180519]
Ordinal0 [0x0027BF2D+180013]
Ordinal0 [0x00279E5B+171611]
Ordinal0 [0x00261DD8+73176]
Ordinal0 [0x00262E50+77392]
Ordinal0 [0x00262DE9+77289]
Ordinal0 [0x003ED6A7+1693351]
GetHandleVerifier [0x00543E16+522726]
GetHandleVerifier [0x00543B54+522020]
GetHandleVerifier [0x00558F67+609079]
GetHandleVerifier [0x00544686+524886]
Ordinal0 [0x003E5A8C+1661580]
Ordinal0 [0x003EF00B+1699851]
Ordinal0 [0x003EF173+1700211]
Ordinal0 [0x00404FE5+1789925]
BaseThreadInitThunk [0x76AEFA29+25]
RtlGetAppContainerNamedObjectPath [0x77A276B4+228]
RtlGetAppContainerNamedObjectPath [0x77A27684+180]

at org.openqa.selenium.remote.W3CHandshakeResponse.lambda$errorHandler$0(W3CHandshakeResponse.java:62)
at org.openqa.selenium.remote.HandshakeResponse.lambda$getResponseFunction$0(HandshakeResponse.java:30)
at org.openqa.selenium.remote.ProtocolHandshake.lambda$createSession$0(ProtocolHandshake.java:126)
at java.util.stream.ReferencePipeline$3$1.accept(ReferencePipeline.java:193)
at java.util.Spliterators$ArraySpliterator.tryAdvance(Spliterators.java:958)
at java.util.stream.ReferencePipeline.forEachWithCancel(ReferencePipeline.java:126)
at java.util.stream.AbstractPipeline.copyIntoWithCancel(AbstractPipeline.java:498)
at java.util.stream.AbstractPipeline.copyInto(AbstractPipeline.java:485)
at java.util.stream.AbstractPipeline.wrapAndCopyInto(AbstractPipeline.java:471)
at java.util.stream.FindOps$FindOp.evaluateSequential(FindOps.java:152)
at java.util.stream.AbstractPipeline.evaluate(AbstractPipeline.java:234)
at java.util.stream.ReferencePipeline.findFirst(ReferencePipeline.java:464)
at org.openqa.selenium.remote.ProtocolHandshake.createSession(ProtocolHandshake.java:128)
at org.openqa.selenium.remote.ProtocolHandshake.createSession(ProtocolHandshake.java:74)
at org.openqa.selenium.remote.HttpCommandExecutor.execute(HttpCommandExecutor.java:136)
at org.openqa.selenium.remote.service.DriverCommandExecutor.execute(DriverCommandExecutor.java:83)
at org.openqa.selenium.remote.RemoteWebDriver.execute(RemoteWebDriver.java:552)
at org.openqa.selenium.remote.RemoteWebDriver.startSession(RemoteWebDriver.java:213)
at org.openqa.selenium.remote.RemoteWebDriver.<init>(RemoteWebDriver.java:131)
at org.openqa.selenium.chrome.ChromeDriver.<init>(ChromeDriver.java:181)
at org.openqa.selenium.chrome.ChromeDriver.<init>(ChromeDriver.java:168)
at org.openqa.selenium.chrome.ChromeDriver.<init>(ChromeDriver.java:123)
at com.framework.testcase.BaseClass.setup(BaseClass.java:46)
... Removed 28 stack frames]]>
    </failure>
  </testcase> <!-- @BeforeTest setup -->
  <testcase name="loginDDT" time="0.0" classname="com.framework.testcase.TC_LoginTest_001">
    <skipped/>
  </testcase> <!-- loginDDT -->
  <testcase name="FlightFinder" time="0.0" classname="com.framework.testcase.TC_FlightFinderTest_002">
    <skipped/>
  </testcase> <!-- FlightFinder -->
  <testcase name="SelectFlightPage" time="0.0" classname="com.framework.testcase.TC_SelectFlightTest_003">
    <skipped/>
  </testcase> <!-- SelectFlightPage -->
  <testcase name="BookFlight" time="0.0" classname="com.framework.testcase.TC_BookFlightTest_004">
    <skipped/>
  </testcase> <!-- BookFlight -->
  <testcase name="test" time="0.0" classname="com.framework.testcase.TC_FlightConfirmationTest_005">
    <skipped/>
  </testcase> <!-- test -->
  <testcase name="@BeforeTest setup" time="0.0" classname="com.framework.testcase.BaseClass">
    <ignored/>
  </testcase> <!-- @BeforeTest setup -->
  <testcase name="@BeforeTest setup" time="0.0" classname="com.framework.testcase.BaseClass">
    <ignored/>
  </testcase> <!-- @BeforeTest setup -->
  <testcase name="@BeforeTest setup" time="0.0" classname="com.framework.testcase.BaseClass">
    <ignored/>
  </testcase> <!-- @BeforeTest setup -->
  <testcase name="@BeforeTest setup" time="0.0" classname="com.framework.testcase.BaseClass">
    <ignored/>
  </testcase> <!-- @BeforeTest setup -->
  <testcase name="@AfterSuite teardown" time="0.0" classname="com.framework.testcase.BaseClass">
    <ignored/>
  </testcase> <!-- @AfterSuite teardown -->
  <testcase name="@AfterSuite teardown" time="0.0" classname="com.framework.testcase.BaseClass">
    <ignored/>
  </testcase> <!-- @AfterSuite teardown -->
  <testcase name="@AfterSuite teardown" time="0.0" classname="com.framework.testcase.BaseClass">
    <ignored/>
  </testcase> <!-- @AfterSuite teardown -->
  <testcase name="@AfterSuite teardown" time="0.0" classname="com.framework.testcase.BaseClass">
    <ignored/>
  </testcase> <!-- @AfterSuite teardown -->
  <testcase name="@AfterSuite execute" time="0.0" classname="com.framework.testcase.BaseClass">
    <ignored/>
  </testcase> <!-- @AfterSuite execute -->
  <testcase name="@AfterSuite execute" time="0.0" classname="com.framework.testcase.BaseClass">
    <ignored/>
  </testcase> <!-- @AfterSuite execute -->
  <testcase name="@AfterSuite execute" time="0.0" classname="com.framework.testcase.BaseClass">
    <ignored/>
  </testcase> <!-- @AfterSuite execute -->
  <testcase name="@AfterSuite execute" time="0.0" classname="com.framework.testcase.BaseClass">
    <ignored/>
  </testcase> <!-- @AfterSuite execute -->
</testsuite> <!-- Test -->
